app/build/intermediates/manifest_merge_blame_file/debug/processDebugMainManifest/manifest-merger-blame-debug-report.txt
1<?xml version="1.0" encoding="utf-8"?>
2<manifest xmlns:android="http://schemas.android.com/apk/res/android"
3    package="com.example.ftechdevice"
4    android:versionCode="1"
5    android:versionName="1.0" >
6
7    <uses-sdk
8        android:minSdkVersion="28"
9        android:targetSdkVersion="34" />
10
11    <uses-permission android:name="android.permission.INTERNET" />
11-->src\main\AndroidManifest.xml:5:5-67
11-->src\main\AndroidManifest.xml:5:22-64
12    <uses-permission android:name="android.permission.ACCESS_FINE_LOCATION" />
12-->src\main\AndroidManifest.xml:6:5-79
12-->src\main\AndroidManifest.xml:6:22-76
13    <uses-permission android:name="android.permission.ACCESS_COARSE_LOCATION" />
13-->src\main\AndroidManifest.xml:7:5-81
13-->src\main\AndroidManifest.xml:7:22-78
14    <uses-permission android:name="android.permission.USE_BIOMETRIC" /> <!-- suppress DeprecatedClassUsageInspection -->
14-->[androidx.biometric:biometric:1.2.0-alpha05] AndroidManifest.xml:22:5-72
14-->[androidx.biometric:biometric:1.2.0-alpha05] AndroidManifest.xml:22:22-69
15    <uses-permission android:name="android.permission.USE_FINGERPRINT" />
15-->[androidx.biometric:biometric:1.2.0-alpha05] AndroidManifest.xml:25:5-74
15-->[androidx.biometric:biometric:1.2.0-alpha05] AndroidManifest.xml:25:22-71
16    <uses-permission android:name="android.permission.ACCESS_WIFI_STATE" />
16-->[com.google.android.libraries.places:places:3.4.0] AndroidManifest.xml:11:5-76
16-->[com.google.android.libraries.places:places:3.4.0] AndroidManifest.xml:11:22-73
17    <uses-permission android:name="android.permission.ACCESS_NETWORK_STATE" />
17-->[com.google.firebase:firebase-auth:23.0.0] AndroidManifest.xml:26:5-79
17-->[com.google.firebase:firebase-auth:23.0.0] AndroidManifest.xml:26:22-76
18
19    <uses-feature
19-->[com.google.android.gms:play-services-maps:18.2.0] AndroidManifest.xml:26:5-28:35
20        android:glEsVersion="0x00020000"
20-->[com.google.android.gms:play-services-maps:18.2.0] AndroidManifest.xml:27:9-41
21        android:required="true" />
21-->[com.google.android.gms:play-services-maps:18.2.0] AndroidManifest.xml:28:9-32
22
23    <queries>
23-->[com.google.android.gms:play-services-maps:18.2.0] AndroidManifest.xml:30:5-34:15
24
25        <!-- Needs to be explicitly declared on Android R+ -->
26        <package android:name="com.google.android.apps.maps" />
26-->[com.google.android.gms:play-services-maps:18.2.0] AndroidManifest.xml:33:9-64
26-->[com.google.android.gms:play-services-maps:18.2.0] AndroidManifest.xml:33:18-61
27    </queries>
28
29    <uses-permission android:name="com.google.android.providers.gsf.permission.READ_GSERVICES" />
29-->[com.google.android.recaptcha:recaptcha:18.4.0] AndroidManifest.xml:9:5-98
29-->[com.google.android.recaptcha:recaptcha:18.4.0] AndroidManifest.xml:9:22-95
30
31    <permission
31-->[androidx.core:core:1.13.1] AndroidManifest.xml:22:5-24:47
32        android:name="com.example.ftechdevice.DYNAMIC_RECEIVER_NOT_EXPORTED_PERMISSION"
32-->[androidx.core:core:1.13.1] AndroidManifest.xml:23:9-81
33        android:protectionLevel="signature" />
33-->[androidx.core:core:1.13.1] AndroidManifest.xml:24:9-44
34
35    <uses-permission android:name="com.example.ftechdevice.DYNAMIC_RECEIVER_NOT_EXPORTED_PERMISSION" />
35-->[androidx.core:core:1.13.1] AndroidManifest.xml:26:5-97
35-->[androidx.core:core:1.13.1] AndroidManifest.xml:26:22-94
36
37    <application
37-->src\main\AndroidManifest.xml:9:5-89:19
38        android:name="com.example.ftechdevice.AppConfig.Application.FTechDevice"
38-->src\main\AndroidManifest.xml:11:9-58
39        android:allowBackup="true"
39-->src\main\AndroidManifest.xml:12:9-35
40        android:appComponentFactory="androidx.core.app.CoreComponentFactory"
40-->[androidx.core:core:1.13.1] AndroidManifest.xml:28:18-86
41        android:dataExtractionRules="@xml/data_extraction_rules"
41-->src\main\AndroidManifest.xml:13:9-65
42        android:debuggable="true"
43        android:extractNativeLibs="false"
44        android:fullBackupContent="@xml/backup_rules"
44-->src\main\AndroidManifest.xml:14:9-54
45        android:icon="@mipmap/ic_launcher"
45-->src\main\AndroidManifest.xml:15:9-43
46        android:label="@string/app_name"
46-->src\main\AndroidManifest.xml:16:9-41
47        android:networkSecurityConfig="@xml/network_security_config"
47-->src\main\AndroidManifest.xml:10:9-69
48        android:roundIcon="@mipmap/ic_launcher_round"
48-->src\main\AndroidManifest.xml:17:9-54
49        android:supportsRtl="true"
49-->src\main\AndroidManifest.xml:18:9-35
50        android:testOnly="true"
51        android:theme="@style/Theme.FTechDevice" >
51-->src\main\AndroidManifest.xml:19:9-49
52
53        <!--
54             TODO: Before you run your application, you need a Google Maps API key.
55
56             To get one, follow the directions here:
57
58                https://developers.google.com/maps/documentation/android-sdk/get-api-key
59
60             Once you have your API key (it starts with "AIza"), define a new property in your
61             project's local.properties file (e.g. MAPS_API_KEY=Aiza...), and replace the
62             "YOUR_API_KEY" string in this file with "${MAPS_API_KEY}".
63        -->
64        <meta-data
65            android:name="com.google.android.geo.API_KEY"
65-->src\main\AndroidManifest.xml:38:13-58
66            android:value="AIzaSyCNCe9gyPaDIhNfQ8RWiD_VTsqMTJucARY" />
66-->src\main\AndroidManifest.xml:39:13-44
67        <meta-data
67-->src\main\AndroidManifest.xml:41:9-42:69
68            android:name="com.google.android.gms.version"
68-->src\main\AndroidManifest.xml:41:20-65
69            android:value="@integer/google_play_services_version" />
69-->src\main\AndroidManifest.xml:42:13-66
70
71        <activity
71-->src\main\AndroidManifest.xml:43:9-46:59
72            android:name="com.example.ftechdevice.UI.Activity.MapActivity.MapsActivity"
72-->src\main\AndroidManifest.xml:44:13-65
73            android:exported="true"
73-->src\main\AndroidManifest.xml:45:13-36
74            android:label="@string/title_activity_maps" />
74-->src\main\AndroidManifest.xml:46:13-56
75        <activity
75-->src\main\AndroidManifest.xml:47:9-49:40
76            android:name="com.example.ftechdevice.UI.Activity.PaymentActivity.PaymentActivity"
76-->src\main\AndroidManifest.xml:48:13-72
77            android:exported="false" />
77-->src\main\AndroidManifest.xml:49:13-37
78        <activity
78-->src\main\AndroidManifest.xml:50:9-52:40
79            android:name="com.example.ftechdevice.UI.Activity.ProductDetailActivity.ProductDetailActivity"
79-->src\main\AndroidManifest.xml:51:13-84
80            android:exported="false" />
80-->src\main\AndroidManifest.xml:52:13-37
81        <activity
81-->src\main\AndroidManifest.xml:53:9-55:40
82            android:name="com.example.ftechdevice.UI.Activity.AuthActivity.RegisterActivity.RegisterActivity_Screen3"
82-->src\main\AndroidManifest.xml:54:13-95
83            android:exported="false" />
83-->src\main\AndroidManifest.xml:55:13-37
84        <activity
84-->src\main\AndroidManifest.xml:56:9-58:40
85            android:name="com.example.ftechdevice.UI.Activity.AuthActivity.RegisterActivity.RegisterActivity_Screen2"
85-->src\main\AndroidManifest.xml:57:13-95
86            android:exported="false" />
86-->src\main\AndroidManifest.xml:58:13-37
87        <activity
87-->src\main\AndroidManifest.xml:59:9-61:40
88            android:name="com.example.ftechdevice.UI.Activity.AuthActivity.RegisterActivity.RegisterActivity"
88-->src\main\AndroidManifest.xml:60:13-87
89            android:exported="false" />
89-->src\main\AndroidManifest.xml:61:13-37
90        <activity
90-->src\main\AndroidManifest.xml:62:9-64:39
91            android:name="com.example.ftechdevice.UI.Activity.AuthActivity.LoginActivity.LoginActivityScreen2"
91-->src\main\AndroidManifest.xml:63:13-88
92            android:exported="true" />
92-->src\main\AndroidManifest.xml:64:13-36
93        <activity
93-->src\main\AndroidManifest.xml:65:9-67:39
94            android:name="com.example.ftechdevice.UI.Activity.AuthActivity.LoginActivity.LoginActivity"
94-->src\main\AndroidManifest.xml:66:13-81
95            android:exported="true" />
95-->src\main\AndroidManifest.xml:67:13-36
96        <activity
96-->src\main\AndroidManifest.xml:68:9-76:20
97            android:name="com.example.ftechdevice.UI.Activity.StartActivity.StartActivity"
97-->src\main\AndroidManifest.xml:69:13-68
98            android:exported="true" >
98-->src\main\AndroidManifest.xml:70:13-36
99            <intent-filter>
99-->src\main\AndroidManifest.xml:71:13-75:29
100                <action android:name="android.intent.action.MAIN" />
100-->src\main\AndroidManifest.xml:72:17-69
100-->src\main\AndroidManifest.xml:72:25-66
101
102                <category android:name="android.intent.category.LAUNCHER" />
102-->src\main\AndroidManifest.xml:74:17-77
102-->src\main\AndroidManifest.xml:74:27-74
103            </intent-filter>
104        </activity>
105        <activity
105-->src\main\AndroidManifest.xml:77:9-79:39
106            android:name="com.example.ftechdevice.UI.Activity.SplashActivity.SplashActivity"
106-->src\main\AndroidManifest.xml:78:13-70
107            android:exported="true" />
107-->src\main\AndroidManifest.xml:79:13-36
108        <activity
108-->src\main\AndroidManifest.xml:80:9-82:39
109            android:name="com.example.ftechdevice.UI.Activity.VideoActivity.VideoActivity_Screen2"
109-->src\main\AndroidManifest.xml:81:13-76
110            android:exported="true" />
110-->src\main\AndroidManifest.xml:82:13-36
111        <activity
111-->src\main\AndroidManifest.xml:83:9-85:39
112            android:name="com.example.ftechdevice.UI.Activity.VideoActivity.VideoActivity"
112-->src\main\AndroidManifest.xml:84:13-68
113            android:exported="true" />
113-->src\main\AndroidManifest.xml:85:13-36
114        <activity
114-->src\main\AndroidManifest.xml:86:9-88:39
115            android:name="com.example.ftechdevice.UI.Activity.MainActivity.MainActivity"
115-->src\main\AndroidManifest.xml:87:13-66
116            android:exported="true" />
116-->src\main\AndroidManifest.xml:88:13-36
117
118        <provider
118-->[com.squareup.picasso:picasso:2.8] AndroidManifest.xml:8:9-11:40
119            android:name="com.squareup.picasso.PicassoProvider"
119-->[com.squareup.picasso:picasso:2.8] AndroidManifest.xml:9:13-64
120            android:authorities="com.example.ftechdevice.com.squareup.picasso"
120-->[com.squareup.picasso:picasso:2.8] AndroidManifest.xml:10:13-72
121            android:exported="false" />
121-->[com.squareup.picasso:picasso:2.8] AndroidManifest.xml:11:13-37
122
123        <activity
123-->[com.google.android.libraries.places:places:3.4.0] AndroidManifest.xml:15:9-21:20
124            android:name="com.google.android.libraries.places.widget.AutocompleteActivity"
124-->[com.google.android.libraries.places:places:3.4.0] AndroidManifest.xml:16:13-91
125            android:exported="false"
125-->[com.google.android.libraries.places:places:3.4.0] AndroidManifest.xml:17:13-37
126            android:label="@string/places_autocomplete_label"
126-->[com.google.android.libraries.places:places:3.4.0] AndroidManifest.xml:18:13-62
127            android:theme="@style/PlacesAutocompleteOverlay"
127-->[com.google.android.libraries.places:places:3.4.0] AndroidManifest.xml:19:13-61
128            android:windowSoftInputMode="adjustResize" >
128-->[com.google.android.libraries.places:places:3.4.0] AndroidManifest.xml:20:13-55
129        </activity>
130        <activity
130-->[com.google.firebase:firebase-auth:23.0.0] AndroidManifest.xml:29:9-46:20
131            android:name="com.google.firebase.auth.internal.GenericIdpActivity"
131-->[com.google.firebase:firebase-auth:23.0.0] AndroidManifest.xml:30:13-80
132            android:excludeFromRecents="true"
132-->[com.google.firebase:firebase-auth:23.0.0] AndroidManifest.xml:31:13-46
133            android:exported="true"
133-->[com.google.firebase:firebase-auth:23.0.0] AndroidManifest.xml:32:13-36
134            android:launchMode="singleTask"
134-->[com.google.firebase:firebase-auth:23.0.0] AndroidManifest.xml:33:13-44
135            android:theme="@android:style/Theme.Translucent.NoTitleBar" >
135-->[com.google.firebase:firebase-auth:23.0.0] AndroidManifest.xml:34:13-72
136            <intent-filter>
136-->[com.google.firebase:firebase-auth:23.0.0] AndroidManifest.xml:35:13-45:29
137                <action android:name="android.intent.action.VIEW" />
137-->[com.google.firebase:firebase-auth:23.0.0] AndroidManifest.xml:36:17-69
137-->[com.google.firebase:firebase-auth:23.0.0] AndroidManifest.xml:36:25-66
138
139                <category android:name="android.intent.category.DEFAULT" />
139-->[com.google.firebase:firebase-auth:23.0.0] AndroidManifest.xml:38:17-76
139-->[com.google.firebase:firebase-auth:23.0.0] AndroidManifest.xml:38:27-73
140                <category android:name="android.intent.category.BROWSABLE" />
140-->[com.google.firebase:firebase-auth:23.0.0] AndroidManifest.xml:39:17-78
140-->[com.google.firebase:firebase-auth:23.0.0] AndroidManifest.xml:39:27-75
141
142                <data
142-->[com.google.firebase:firebase-auth:23.0.0] AndroidManifest.xml:41:17-44:51
143                    android:host="firebase.auth"
143-->[com.google.firebase:firebase-auth:23.0.0] AndroidManifest.xml:42:21-49
144                    android:path="/"
144-->[com.google.firebase:firebase-auth:23.0.0] AndroidManifest.xml:43:21-37
145                    android:scheme="genericidp" />
145-->[com.google.firebase:firebase-auth:23.0.0] AndroidManifest.xml:44:21-48
146            </intent-filter>
147        </activity>
148        <activity
148-->[com.google.firebase:firebase-auth:23.0.0] AndroidManifest.xml:47:9-64:20
149            android:name="com.google.firebase.auth.internal.RecaptchaActivity"
149-->[com.google.firebase:firebase-auth:23.0.0] AndroidManifest.xml:48:13-79
150            android:excludeFromRecents="true"
150-->[com.google.firebase:firebase-auth:23.0.0] AndroidManifest.xml:49:13-46
151            android:exported="true"
151-->[com.google.firebase:firebase-auth:23.0.0] AndroidManifest.xml:50:13-36
152            android:launchMode="singleTask"
152-->[com.google.firebase:firebase-auth:23.0.0] AndroidManifest.xml:51:13-44
153            android:theme="@android:style/Theme.Translucent.NoTitleBar" >
153-->[com.google.firebase:firebase-auth:23.0.0] AndroidManifest.xml:52:13-72
154            <intent-filter>
154-->[com.google.firebase:firebase-auth:23.0.0] AndroidManifest.xml:53:13-63:29
155                <action android:name="android.intent.action.VIEW" />
155-->[com.google.firebase:firebase-auth:23.0.0] AndroidManifest.xml:36:17-69
155-->[com.google.firebase:firebase-auth:23.0.0] AndroidManifest.xml:36:25-66
156
157                <category android:name="android.intent.category.DEFAULT" />
157-->[com.google.firebase:firebase-auth:23.0.0] AndroidManifest.xml:38:17-76
157-->[com.google.firebase:firebase-auth:23.0.0] AndroidManifest.xml:38:27-73
158                <category android:name="android.intent.category.BROWSABLE" />
158-->[com.google.firebase:firebase-auth:23.0.0] AndroidManifest.xml:39:17-78
158-->[com.google.firebase:firebase-auth:23.0.0] AndroidManifest.xml:39:27-75
159
160                <data
160-->[com.google.firebase:firebase-auth:23.0.0] AndroidManifest.xml:41:17-44:51
161                    android:host="firebase.auth"
161-->[com.google.firebase:firebase-auth:23.0.0] AndroidManifest.xml:42:21-49
162                    android:path="/"
162-->[com.google.firebase:firebase-auth:23.0.0] AndroidManifest.xml:43:21-37
163                    android:scheme="recaptcha" />
163-->[com.google.firebase:firebase-auth:23.0.0] AndroidManifest.xml:44:21-48
164            </intent-filter>
165        </activity>
166
167        <service
167-->[com.google.firebase:firebase-auth:23.0.0] AndroidManifest.xml:66:9-72:19
168            android:name="com.google.firebase.components.ComponentDiscoveryService"
168-->[com.google.firebase:firebase-auth:23.0.0] AndroidManifest.xml:67:13-84
169            android:directBootAware="true"
169-->[com.google.firebase:firebase-common:21.0.0] AndroidManifest.xml:32:13-43
170            android:exported="false" >
170-->[com.google.firebase:firebase-auth:23.0.0] AndroidManifest.xml:68:13-37
171            <meta-data
171-->[com.google.firebase:firebase-auth:23.0.0] AndroidManifest.xml:69:13-71:85
172                android:name="com.google.firebase.components:com.google.firebase.auth.FirebaseAuthRegistrar"
172-->[com.google.firebase:firebase-auth:23.0.0] AndroidManifest.xml:70:17-109
173                android:value="com.google.firebase.components.ComponentRegistrar" />
173-->[com.google.firebase:firebase-auth:23.0.0] AndroidManifest.xml:71:17-82
174            <meta-data
174-->[com.google.firebase:firebase-storage:21.0.0] AndroidManifest.xml:30:13-32:85
175                android:name="com.google.firebase.components:com.google.firebase.storage.FirebaseStorageKtxRegistrar"
175-->[com.google.firebase:firebase-storage:21.0.0] AndroidManifest.xml:31:17-118
176                android:value="com.google.firebase.components.ComponentRegistrar" />
176-->[com.google.firebase:firebase-storage:21.0.0] AndroidManifest.xml:32:17-82
177            <meta-data
177-->[com.google.firebase:firebase-storage:21.0.0] AndroidManifest.xml:33:13-35:85
178                android:name="com.google.firebase.components:com.google.firebase.storage.StorageRegistrar"
178-->[com.google.firebase:firebase-storage:21.0.0] AndroidManifest.xml:34:17-107
179                android:value="com.google.firebase.components.ComponentRegistrar" />
179-->[com.google.firebase:firebase-storage:21.0.0] AndroidManifest.xml:35:17-82
180            <meta-data
180-->[com.google.firebase:firebase-appcheck:18.0.0] AndroidManifest.xml:25:13-27:85
181                android:name="com.google.firebase.components:com.google.firebase.appcheck.FirebaseAppCheckKtxRegistrar"
181-->[com.google.firebase:firebase-appcheck:18.0.0] AndroidManifest.xml:26:17-120
182                android:value="com.google.firebase.components.ComponentRegistrar" />
182-->[com.google.firebase:firebase-appcheck:18.0.0] AndroidManifest.xml:27:17-82
183            <meta-data
183-->[com.google.firebase:firebase-appcheck:18.0.0] AndroidManifest.xml:28:13-30:85
184                android:name="com.google.firebase.components:com.google.firebase.appcheck.FirebaseAppCheckRegistrar"
184-->[com.google.firebase:firebase-appcheck:18.0.0] AndroidManifest.xml:29:17-117
185                android:value="com.google.firebase.components.ComponentRegistrar" />
185-->[com.google.firebase:firebase-appcheck:18.0.0] AndroidManifest.xml:30:17-82
186            <meta-data
186-->[com.google.firebase:firebase-common-ktx:21.0.0] AndroidManifest.xml:12:13-14:85
187                android:name="com.google.firebase.components:com.google.firebase.ktx.FirebaseCommonLegacyRegistrar"
187-->[com.google.firebase:firebase-common-ktx:21.0.0] AndroidManifest.xml:13:17-116
188                android:value="com.google.firebase.components.ComponentRegistrar" />
188-->[com.google.firebase:firebase-common-ktx:21.0.0] AndroidManifest.xml:14:17-82
189            <meta-data
189-->[com.google.firebase:firebase-common:21.0.0] AndroidManifest.xml:35:13-37:85
190                android:name="com.google.firebase.components:com.google.firebase.FirebaseCommonKtxRegistrar"
190-->[com.google.firebase:firebase-common:21.0.0] AndroidManifest.xml:36:17-109
191                android:value="com.google.firebase.components.ComponentRegistrar" />
191-->[com.google.firebase:firebase-common:21.0.0] AndroidManifest.xml:37:17-82
192        </service>
193        <service
193-->[androidx.credentials:credentials-play-services-auth:1.2.0-rc01] AndroidManifest.xml:24:9-32:19
194            android:name="androidx.credentials.playservices.CredentialProviderMetadataHolder"
194-->[androidx.credentials:credentials-play-services-auth:1.2.0-rc01] AndroidManifest.xml:25:13-94
195            android:enabled="true"
195-->[androidx.credentials:credentials-play-services-auth:1.2.0-rc01] AndroidManifest.xml:26:13-35
196            android:exported="false" >
196-->[androidx.credentials:credentials-play-services-auth:1.2.0-rc01] AndroidManifest.xml:27:13-37
197            <meta-data
197-->[androidx.credentials:credentials-play-services-auth:1.2.0-rc01] AndroidManifest.xml:29:13-31:104
198                android:name="androidx.credentials.CREDENTIAL_PROVIDER_KEY"
198-->[androidx.credentials:credentials-play-services-auth:1.2.0-rc01] AndroidManifest.xml:30:17-76
199                android:value="androidx.credentials.playservices.CredentialProviderPlayServicesImpl" />
199-->[androidx.credentials:credentials-play-services-auth:1.2.0-rc01] AndroidManifest.xml:31:17-101
200        </service>
201
202        <activity
202-->[androidx.credentials:credentials-play-services-auth:1.2.0-rc01] AndroidManifest.xml:34:9-41:20
203            android:name="androidx.credentials.playservices.HiddenActivity"
203-->[androidx.credentials:credentials-play-services-auth:1.2.0-rc01] AndroidManifest.xml:35:13-76
204            android:configChanges="orientation|screenSize|screenLayout|keyboardHidden"
204-->[androidx.credentials:credentials-play-services-auth:1.2.0-rc01] AndroidManifest.xml:36:13-87
205            android:enabled="true"
205-->[androidx.credentials:credentials-play-services-auth:1.2.0-rc01] AndroidManifest.xml:37:13-35
206            android:exported="false"
206-->[androidx.credentials:credentials-play-services-auth:1.2.0-rc01] AndroidManifest.xml:38:13-37
207            android:fitsSystemWindows="true"
207-->[androidx.credentials:credentials-play-services-auth:1.2.0-rc01] AndroidManifest.xml:39:13-45
208            android:theme="@style/Theme.Hidden" >
208-->[androidx.credentials:credentials-play-services-auth:1.2.0-rc01] AndroidManifest.xml:40:13-48
209        </activity>
210        <activity
210-->[com.google.android.gms:play-services-auth:21.2.0] AndroidManifest.xml:23:9-27:75
211            android:name="com.google.android.gms.auth.api.signin.internal.SignInHubActivity"
211-->[com.google.android.gms:play-services-auth:21.2.0] AndroidManifest.xml:24:13-93
212            android:excludeFromRecents="true"
212-->[com.google.android.gms:play-services-auth:21.2.0] AndroidManifest.xml:25:13-46
213            android:exported="false"
213-->[com.google.android.gms:play-services-auth:21.2.0] AndroidManifest.xml:26:13-37
214            android:theme="@android:style/Theme.Translucent.NoTitleBar" />
214-->[com.google.android.gms:play-services-auth:21.2.0] AndroidManifest.xml:27:13-72
215        <!--
216            Service handling Google Sign-In user revocation. For apps that do not integrate with
217            Google Sign-In, this service will never be started.
218        -->
219        <service
219-->[com.google.android.gms:play-services-auth:21.2.0] AndroidManifest.xml:33:9-37:51
220            android:name="com.google.android.gms.auth.api.signin.RevocationBoundService"
220-->[com.google.android.gms:play-services-auth:21.2.0] AndroidManifest.xml:34:13-89
221            android:exported="true"
221-->[com.google.android.gms:play-services-auth:21.2.0] AndroidManifest.xml:35:13-36
222            android:permission="com.google.android.gms.auth.api.signin.permission.REVOCATION_NOTIFICATION"
222-->[com.google.android.gms:play-services-auth:21.2.0] AndroidManifest.xml:36:13-107
223            android:visibleToInstantApps="true" /> <!-- Needs to be explicitly declared on P+ -->
223-->[com.google.android.gms:play-services-auth:21.2.0] AndroidManifest.xml:37:13-48
224        <uses-library
224-->[com.google.android.gms:play-services-maps:18.2.0] AndroidManifest.xml:39:9-41:40
225            android:name="org.apache.http.legacy"
225-->[com.google.android.gms:play-services-maps:18.2.0] AndroidManifest.xml:40:13-50
226            android:required="false" />
226-->[com.google.android.gms:play-services-maps:18.2.0] AndroidManifest.xml:41:13-37
227
228        <activity
228-->[com.google.android.gms:play-services-base:18.3.0] AndroidManifest.xml:20:9-22:45
229            android:name="com.google.android.gms.common.api.GoogleApiActivity"
229-->[com.google.android.gms:play-services-base:18.3.0] AndroidManifest.xml:20:19-85
230            android:exported="false"
230-->[com.google.android.gms:play-services-base:18.3.0] AndroidManifest.xml:22:19-43
231            android:theme="@android:style/Theme.Translucent.NoTitleBar" />
231-->[com.google.android.gms:play-services-base:18.3.0] AndroidManifest.xml:21:19-78
232
233        <provider
233-->[com.google.firebase:firebase-common:21.0.0] AndroidManifest.xml:23:9-28:39
234            android:name="com.google.firebase.provider.FirebaseInitProvider"
234-->[com.google.firebase:firebase-common:21.0.0] AndroidManifest.xml:24:13-77
235            android:authorities="com.example.ftechdevice.firebaseinitprovider"
235-->[com.google.firebase:firebase-common:21.0.0] AndroidManifest.xml:25:13-72
236            android:directBootAware="true"
236-->[com.google.firebase:firebase-common:21.0.0] AndroidManifest.xml:26:13-43
237            android:exported="false"
237-->[com.google.firebase:firebase-common:21.0.0] AndroidManifest.xml:27:13-37
238            android:initOrder="100" />
238-->[com.google.firebase:firebase-common:21.0.0] AndroidManifest.xml:28:13-36
239        <provider
239-->[androidx.emoji2:emoji2:1.2.0] AndroidManifest.xml:24:9-32:20
240            android:name="androidx.startup.InitializationProvider"
240-->[androidx.emoji2:emoji2:1.2.0] AndroidManifest.xml:25:13-67
241            android:authorities="com.example.ftechdevice.androidx-startup"
241-->[androidx.emoji2:emoji2:1.2.0] AndroidManifest.xml:26:13-68
242            android:exported="false" >
242-->[androidx.emoji2:emoji2:1.2.0] AndroidManifest.xml:27:13-37
243            <meta-data
243-->[androidx.emoji2:emoji2:1.2.0] AndroidManifest.xml:29:13-31:52
244                android:name="androidx.emoji2.text.EmojiCompatInitializer"
244-->[androidx.emoji2:emoji2:1.2.0] AndroidManifest.xml:30:17-75
245                android:value="androidx.startup" />
245-->[androidx.emoji2:emoji2:1.2.0] AndroidManifest.xml:31:17-49
246            <meta-data
246-->[androidx.lifecycle:lifecycle-process:2.6.2] AndroidManifest.xml:29:13-31:52
247                android:name="androidx.lifecycle.ProcessLifecycleInitializer"
247-->[androidx.lifecycle:lifecycle-process:2.6.2] AndroidManifest.xml:30:17-78
248                android:value="androidx.startup" />
248-->[androidx.lifecycle:lifecycle-process:2.6.2] AndroidManifest.xml:31:17-49
249            <meta-data
249-->[androidx.profileinstaller:profileinstaller:1.3.1] AndroidManifest.xml:29:13-31:52
250                android:name="androidx.profileinstaller.ProfileInstallerInitializer"
250-->[androidx.profileinstaller:profileinstaller:1.3.1] AndroidManifest.xml:30:17-85
251                android:value="androidx.startup" />
251-->[androidx.profileinstaller:profileinstaller:1.3.1] AndroidManifest.xml:31:17-49
252        </provider>
253
254        <uses-library
254-->[androidx.window:window:1.0.0] AndroidManifest.xml:25:9-27:40
255            android:name="androidx.window.extensions"
255-->[androidx.window:window:1.0.0] AndroidManifest.xml:26:13-54
256            android:required="false" />
256-->[androidx.window:window:1.0.0] AndroidManifest.xml:27:13-37
257        <uses-library
257-->[androidx.window:window:1.0.0] AndroidManifest.xml:28:9-30:40
258            android:name="androidx.window.sidecar"
258-->[androidx.window:window:1.0.0] AndroidManifest.xml:29:13-51
259            android:required="false" />
259-->[androidx.window:window:1.0.0] AndroidManifest.xml:30:13-37
260
261        <receiver
261-->[androidx.profileinstaller:profileinstaller:1.3.1] AndroidManifest.xml:34:9-52:20
262            android:name="androidx.profileinstaller.ProfileInstallReceiver"
262-->[androidx.profileinstaller:profileinstaller:1.3.1] AndroidManifest.xml:35:13-76
263            android:directBootAware="false"
263-->[androidx.profileinstaller:profileinstaller:1.3.1] AndroidManifest.xml:36:13-44
264            android:enabled="true"
264-->[androidx.profileinstaller:profileinstaller:1.3.1] AndroidManifest.xml:37:13-35
265            android:exported="true"
265-->[androidx.profileinstaller:profileinstaller:1.3.1] AndroidManifest.xml:38:13-36
266            android:permission="android.permission.DUMP" >
266-->[androidx.profileinstaller:profileinstaller:1.3.1] AndroidManifest.xml:39:13-57
267            <intent-filter>
267-->[androidx.profileinstaller:profileinstaller:1.3.1] AndroidManifest.xml:40:13-42:29
268                <action android:name="androidx.profileinstaller.action.INSTALL_PROFILE" />
268-->[androidx.profileinstaller:profileinstaller:1.3.1] AndroidManifest.xml:41:17-91
268-->[androidx.profileinstaller:profileinstaller:1.3.1] AndroidManifest.xml:41:25-88
269            </intent-filter>
270            <intent-filter>
270-->[androidx.profileinstaller:profileinstaller:1.3.1] AndroidManifest.xml:43:13-45:29
271                <action android:name="androidx.profileinstaller.action.SKIP_FILE" />
271-->[androidx.profileinstaller:profileinstaller:1.3.1] AndroidManifest.xml:44:17-85
271-->[androidx.profileinstaller:profileinstaller:1.3.1] AndroidManifest.xml:44:25-82
272            </intent-filter>
273            <intent-filter>
273-->[androidx.profileinstaller:profileinstaller:1.3.1] AndroidManifest.xml:46:13-48:29
274                <action android:name="androidx.profileinstaller.action.SAVE_PROFILE" />
274-->[androidx.profileinstaller:profileinstaller:1.3.1] AndroidManifest.xml:47:17-88
274-->[androidx.profileinstaller:profileinstaller:1.3.1] AndroidManifest.xml:47:25-85
275            </intent-filter>
276            <intent-filter>
276-->[androidx.profileinstaller:profileinstaller:1.3.1] AndroidManifest.xml:49:13-51:29